<?xml version="1.0" encoding="UTF-8"?>
<testsuite xmlns:xsi="http://www.w3.org/2001/XMLSchema-instance" xsi:schemaLocation="https://maven.apache.org/surefire/maven-surefire-plugin/xsd/surefire-test-report.xsd" name="varausjarjestelma.varausjarjestelma.AppTest" time="9.625" tests="18" errors="0" skipped="0" failures="0">
  <properties>
    <property name="java.runtime.name" value="Java(TM) SE Runtime Environment"/>
    <property name="sun.boot.library.path" value="C:\Program Files\Java\jre1.8.0_251\bin"/>
    <property name="java.vm.version" value="25.251-b08"/>
    <property name="user.country.format" value="FI"/>
    <property name="java.vm.vendor" value="Oracle Corporation"/>
    <property name="maven.multiModuleProjectDirectory" value="C:\Users\Veera\git\uusi_kokoustilaappi"/>
    <property name="java.vendor.url" value="http://java.oracle.com/"/>
    <property name="path.separator" value=";"/>
    <property name="guice.disable.misplaced.annotation.check" value="true"/>
    <property name="java.vm.name" value="Java HotSpot(TM) 64-Bit Server VM"/>
    <property name="file.encoding.pkg" value="sun.io"/>
    <property name="user.script" value=""/>
    <property name="user.country" value="GB"/>
    <property name="sun.java.launcher" value="SUN_STANDARD"/>
    <property name="sun.os.patch.level" value=""/>
    <property name="java.vm.specification.name" value="Java Virtual Machine Specification"/>
    <property name="user.dir" value="C:\Users\Veera\git\uusi_kokoustilaappi"/>
    <property name="java.runtime.version" value="1.8.0_251-b08"/>
    <property name="java.awt.graphicsenv" value="sun.awt.Win32GraphicsEnvironment"/>
    <property name="java.endorsed.dirs" value="C:\Program Files\Java\jre1.8.0_251\lib\endorsed"/>
    <property name="os.arch" value="amd64"/>
    <property name="java.io.tmpdir" value="C:\Users\Veera\AppData\Local\Temp\"/>
    <property name="line.separator" value="&#10;"/>
    <property name="java.vm.specification.vendor" value="Oracle Corporation"/>
    <property name="user.variant" value=""/>
    <property name="os.name" value="Windows 10"/>
    <property name="classworlds.conf" value="C:\Users\Veera\eclipse-workspace\.metadata\.plugins\org.eclipse.m2e.launching\launches\m2conf4425148608408838238.tmp"/>
    <property name="sun.jnu.encoding" value="Cp1252"/>
    <property name="java.library.path" value="C:\Program Files\Java\jre1.8.0_251\bin;C:\windows\Sun\Java\bin;C:\windows\system32;C:\windows;C:/Program Files/Java/jre1.8.0_251/bin/server;C:/Program Files/Java/jre1.8.0_251/bin;C:/Program Files/Java/jre1.8.0_251/lib/amd64;C:\Python38\Scripts\;C:\Python38\;C:\Program Files (x86)\Common Files\Oracle\Java\javapath;C:\windows\system32;C:\windows;C:\windows\System32\Wbem;C:\windows\System32\WindowsPowerShell\v1.0\;C:\windows\System32\OpenSSH\;C:\Program Files\dotnet\;C:\Program Files\leJOS EV3\bin;C:\Program Files\nodejs\;C:\ProgramData\chocolatey\bin;C:\Program Files\Git\cmd;C:\Users\Veera\AppData\Local\Microsoft\WindowsApps;C:\Users\Veera\AppData\Local\GitHubDesktop\bin;C:\Users\Veera\AppData\Roaming\npm;C:\Program Files (x86)\Google\eclipse;;."/>
    <property name="java.specification.name" value="Java Platform API Specification"/>
    <property name="java.class.version" value="52.0"/>
    <property name="sun.management.compiler" value="HotSpot 64-Bit Tiered Compilers"/>
    <property name="os.version" value="10.0"/>
    <property name="user.home" value="C:\Users\Veera"/>
    <property name="user.timezone" value="Europe/Helsinki"/>
    <property name="java.awt.printerjob" value="sun.awt.windows.WPrinterJob"/>
    <property name="java.specification.version" value="1.8"/>
    <property name="file.encoding" value="UTF-8"/>
    <property name="user.name" value="Veera"/>
    <property name="java.class.path" value="C:\Program Files (x86)\Google\eclipse\plugins\org.eclipse.m2e.maven.runtime_1.9.0.20180606-2035\jars\plexus-classworlds-2.5.2.jar"/>
    <property name="java.vm.specification.version" value="1.8"/>
    <property name="sun.arch.data.model" value="64"/>
    <property name="java.home" value="C:\Program Files\Java\jre1.8.0_251"/>
    <property name="sun.java.command" value="org.codehaus.plexus.classworlds.launcher.Launcher -B test"/>
    <property name="java.specification.vendor" value="Oracle Corporation"/>
    <property name="user.language" value="en"/>
    <property name="awt.toolkit" value="sun.awt.windows.WToolkit"/>
    <property name="java.vm.info" value="mixed mode"/>
    <property name="java.version" value="1.8.0_251"/>
    <property name="java.ext.dirs" value="C:\Program Files\Java\jre1.8.0_251\lib\ext;C:\windows\Sun\Java\lib\ext"/>
    <property name="sun.boot.class.path" value="C:\Program Files\Java\jre1.8.0_251\lib\resources.jar;C:\Program Files\Java\jre1.8.0_251\lib\rt.jar;C:\Program Files\Java\jre1.8.0_251\lib\sunrsasign.jar;C:\Program Files\Java\jre1.8.0_251\lib\jsse.jar;C:\Program Files\Java\jre1.8.0_251\lib\jce.jar;C:\Program Files\Java\jre1.8.0_251\lib\charsets.jar;C:\Program Files\Java\jre1.8.0_251\lib\jfr.jar;C:\Program Files\Java\jre1.8.0_251\classes"/>
    <property name="java.vendor" value="Oracle Corporation"/>
    <property name="maven.home" value="C:\Users\Veera\git\uusi_kokoustilaappi\EMBEDDED"/>
    <property name="file.separator" value="\"/>
    <property name="java.vendor.url.bug" value="http://bugreport.sun.com/bugreport/"/>
    <property name="sun.cpu.endian" value="little"/>
    <property name="sun.io.unicode.encoding" value="UnicodeLittle"/>
    <property name="sun.desktop" value="windows"/>
    <property name="sun.cpu.isalist" value="amd64"/>
  </properties>
  <testcase name="testALisaaOminaisuus" classname="varausjarjestelma.varausjarjestelma.AppTest" time="0.519"/>
  <testcase name="testALisaaTila" classname="varausjarjestelma.varausjarjestelma.AppTest" time="0.262"/>
  <testcase name="testALisaaTilanOminaisuus" classname="varausjarjestelma.varausjarjestelma.AppTest" time="0.279"/>
  <testcase name="testALuoKäyttäjä" classname="varausjarjestelma.varausjarjestelma.AppTest" time="0.273"/>
  <testcase name="testBEtsiOminaisuus" classname="varausjarjestelma.varausjarjestelma.AppTest" time="0.352"/>
  <testcase name="testBEtsiTila" classname="varausjarjestelma.varausjarjestelma.AppTest" time="0.075"/>
  <testcase name="testBEtsiTilanOminaisuus" classname="varausjarjestelma.varausjarjestelma.AppTest" time="0.129"/>
  <testcase name="testCMuokkaaKäyttäjää" classname="varausjarjestelma.varausjarjestelma.AppTest" time="0.164"/>
  <testcase name="testCMuokkaaOminaisuus" classname="varausjarjestelma.varausjarjestelma.AppTest" time="0.146"/>
  <testcase name="testCMuokkaaTila" classname="varausjarjestelma.varausjarjestelma.AppTest" time="0.148"/>
  <testcase name="testCMuokkaaTilanOminaisuus" classname="varausjarjestelma.varausjarjestelma.AppTest" time="0.182"/>
  <testcase name="testDLisääVaraus" classname="varausjarjestelma.varausjarjestelma.AppTest" time="0.293"/>
  <testcase name="testEMuokkaaVarausta" classname="varausjarjestelma.varausjarjestelma.AppTest" time="0.182"/>
  <testcase name="testFPoistaVaraus" classname="varausjarjestelma.varausjarjestelma.AppTest" time="0.088"/>
  <testcase name="testGPoistaKäyttäjä" classname="varausjarjestelma.varausjarjestelma.AppTest" time="0.071"/>
  <testcase name="testGPoistaOminaisuus" classname="varausjarjestelma.varausjarjestelma.AppTest" time="0.07"/>
  <testcase name="testGPoistaTila" classname="varausjarjestelma.varausjarjestelma.AppTest" time="0.073"/>
  <testcase name="testGPoistaTilanOminaisuus" classname="varausjarjestelma.varausjarjestelma.AppTest" time="0.074"/>
</testsuite>